[INFO  - 2018-09-25T05:24:55.774Z] GhostDriver - Main - running on port 54225
[INFO  - 2018-09-25T05:24:56.348Z] Session [56bf5a70-c083-11e8-8b09-1bfde62b8eac] - page.settings - {"XSSAuditingEnabled":false,"javascriptCanCloseWindows":true,"javascriptCanOpenWindows":true,"javascriptEnabled":true,"loadImages":true,"localToRemoteUrlAccessEnabled":false,"userAgent":"Mozilla/5.0 (Macintosh; Intel Mac OS X) AppleWebKit/538.1 (KHTML, like Gecko) PhantomJS/2.1.1 Safari/538.1","webSecurityEnabled":true}
[INFO  - 2018-09-25T05:24:56.348Z] Session [56bf5a70-c083-11e8-8b09-1bfde62b8eac] - page.customHeaders:  - {}
[INFO  - 2018-09-25T05:24:56.348Z] Session [56bf5a70-c083-11e8-8b09-1bfde62b8eac] - Session.negotiatedCapabilities - {"browserName":"phantomjs","version":"2.1.1","driverName":"ghostdriver","driverVersion":"1.2.0","platform":"mac-unknown-64bit","javascriptEnabled":true,"takesScreenshot":true,"handlesAlerts":false,"databaseEnabled":false,"locationContextEnabled":false,"applicationCacheEnabled":false,"browserConnectionEnabled":false,"cssSelectorsEnabled":true,"webStorageEnabled":false,"rotatable":false,"acceptSslCerts":false,"nativeEvents":true,"proxy":{"proxyType":"direct"}}
[INFO  - 2018-09-25T05:24:56.348Z] SessionManagerReqHand - _postNewSessionCommand - New Session Created: 56bf5a70-c083-11e8-8b09-1bfde62b8eac
[ERROR - 2018-09-25T05:25:00.309Z] Session [56bf5a70-c083-11e8-8b09-1bfde62b8eac] - page.onError - msg: TypeError: null is not an object (evaluating 'da_ua.match(/Version\/([0-9\.]+)/i)[1]')

  phantomjs://platform/console++.js:263 in error
[ERROR - 2018-09-25T05:25:00.309Z] Session [56bf5a70-c083-11e8-8b09-1bfde62b8eac] - page.onError - stack:
  searchBrowserVersion (https://ssl.pstatic.net/tveta/libs/assets/js/pc/main/min/pc.veta.core.min.js?20170807:1)
  init (https://ssl.pstatic.net/tveta/libs/assets/js/pc/main/min/pc.veta.core.min.js?20170807:1)

  phantomjs://platform/console++.js:263 in error
[ERROR - 2018-09-25T05:25:00.310Z] Session [56bf5a70-c083-11e8-8b09-1bfde62b8eac] - page.onError - msg: TypeError: undefined is not a constructor (evaluating 'naver_corp_da.loadScript')

  phantomjs://platform/console++.js:263 in error
[ERROR - 2018-09-25T05:25:00.311Z] Session [56bf5a70-c083-11e8-8b09-1bfde62b8eac] - page.onError - stack:
  loadScripts (https://nv.veta.naver.com/fxshow?su=SU10078&nrefreshx=0:47)
  lazyLoading (https://nv.veta.naver.com/fxshow?su=SU10078&nrefreshx=0:30)
  onload (https://nv.veta.naver.com/fxshow?su=SU10078&nrefreshx=0:19)

  phantomjs://platform/console++.js:263 in error
[ERROR - 2018-09-25T05:25:00.322Z] Session [56bf5a70-c083-11e8-8b09-1bfde62b8eac] - page.onError - msg: TypeError: null is not an object (evaluating 'da_ua.match(/Version\/([0-9\.]+)/i)[1]')

  phantomjs://platform/console++.js:263 in error
[ERROR - 2018-09-25T05:25:00.322Z] Session [56bf5a70-c083-11e8-8b09-1bfde62b8eac] - page.onError - stack:
  searchBrowserVersion (https://ssl.pstatic.net/tveta/libs/assets/js/pc/main/min/pc.veta.core.min.js?20170421:1)
  init (https://ssl.pstatic.net/tveta/libs/assets/js/pc/main/min/pc.veta.core.min.js?20170421:1)

  phantomjs://platform/console++.js:263 in error
[ERROR - 2018-09-25T05:25:00.382Z] Session [56bf5a70-c083-11e8-8b09-1bfde62b8eac] - page.onError - msg: TypeError: undefined is not a constructor (evaluating 'new Nimp')

  phantomjs://platform/console++.js:263 in error
[ERROR - 2018-09-25T05:25:00.382Z] Session [56bf5a70-c083-11e8-8b09-1bfde62b8eac] - page.onError - stack:
  initAd (https://nv.veta.naver.com/fxshow?su=SU10079&nrefreshx=0:25)
  onload (https://nv.veta.naver.com/fxshow?su=SU10079&nrefreshx=0:9)

  phantomjs://platform/console++.js:263 in error
[ERROR - 2018-09-25T05:25:00.667Z] Session [56bf5a70-c083-11e8-8b09-1bfde62b8eac] - page.onError - msg: TypeError: null is not an object (evaluating 'da_ua.match(/Version\/([0-9\.]+)/i)[1]')

  phantomjs://platform/console++.js:263 in error
[ERROR - 2018-09-25T05:25:00.667Z] Session [56bf5a70-c083-11e8-8b09-1bfde62b8eac] - page.onError - stack:
  searchBrowserVersion (https://ssl.pstatic.net/tveta/libs/assets/js/pc/main/min/pc.veta.core.min.js?20170222:1)
  init (https://ssl.pstatic.net/tveta/libs/assets/js/pc/main/min/pc.veta.core.min.js?20170222:1)

  phantomjs://platform/console++.js:263 in error
[ERROR - 2018-09-25T05:25:00.708Z] Session [56bf5a70-c083-11e8-8b09-1bfde62b8eac] - page.onError - msg: TypeError: null is not an object (evaluating 'da_ua.match(/Version\/([0-9\.]+)/i)[1]')

  phantomjs://platform/console++.js:263 in error
[ERROR - 2018-09-25T05:25:00.708Z] Session [56bf5a70-c083-11e8-8b09-1bfde62b8eac] - page.onError - stack:
  searchBrowserVersion (https://ssl.pstatic.net/tveta/libs/assets/js/pc/main/min/pc.veta.core.min.js?20180330:1)
  init (https://ssl.pstatic.net/tveta/libs/assets/js/pc/main/min/pc.veta.core.min.js?20180330:1)

  phantomjs://platform/console++.js:263 in error
[ERROR - 2018-09-25T05:25:00.785Z] Session [56bf5a70-c083-11e8-8b09-1bfde62b8eac] - page.onError - msg: TypeError: undefined is not a constructor (evaluating 'new NBP_CORP.Nimp()')

  phantomjs://platform/console++.js:263 in error
[ERROR - 2018-09-25T05:25:00.785Z] Session [56bf5a70-c083-11e8-8b09-1bfde62b8eac] - page.onError - stack:
  (anonymous function) (undefined:15)

  phantomjs://platform/console++.js:263 in error
